{"D:\\IT\\Stage 3 REACT\\мой личный репо\\React2025\\src\\App.tsx": {"path":"D:\\IT\\Stage 3 REACT\\мой личный репо\\React2025\\src\\App.tsx","all":false,"statementMap":{"0":{"start":{"line":1,"column":0},"end":{"line":1,"column":34}},"1":{"start":{"line":2,"column":0},"end":{"line":2,"column":55}},"2":{"start":{"line":3,"column":0},"end":{"line":3,"column":45}},"3":{"start":{"line":4,"column":0},"end":{"line":4,"column":55}},"5":{"start":{"line":6,"column":0},"end":{"line":6,"column":33}},"15":{"start":{"line":16,"column":0},"end":{"line":16,"column":62}},"16":{"start":{"line":17,"column":0},"end":{"line":17,"column":21}},"17":{"start":{"line":18,"column":0},"end":{"line":18,"column":19}},"18":{"start":{"line":19,"column":0},"end":{"line":19,"column":16}},"19":{"start":{"line":20,"column":0},"end":{"line":20,"column":19}},"20":{"start":{"line":21,"column":0},"end":{"line":21,"column":16}},"21":{"start":{"line":22,"column":0},"end":{"line":22,"column":22}},"22":{"start":{"line":23,"column":0},"end":{"line":23,"column":4}},"24":{"start":{"line":25,"column":0},"end":{"line":25,"column":23}},"25":{"start":{"line":26,"column":0},"end":{"line":26,"column":63}},"26":{"start":{"line":27,"column":0},"end":{"line":27,"column":52}},"27":{"start":{"line":28,"column":0},"end":{"line":28,"column":32}},"28":{"start":{"line":29,"column":0},"end":{"line":29,"column":7}},"29":{"start":{"line":30,"column":0},"end":{"line":30,"column":3}},"31":{"start":{"line":32,"column":0},"end":{"line":32,"column":39}},"32":{"start":{"line":33,"column":0},"end":{"line":33,"column":50}},"34":{"start":{"line":35,"column":0},"end":{"line":35,"column":76}},"36":{"start":{"line":37,"column":0},"end":{"line":37,"column":9}},"37":{"start":{"line":38,"column":0},"end":{"line":38,"column":76}},"38":{"start":{"line":39,"column":0},"end":{"line":39,"column":60}},"39":{"start":{"line":40,"column":0},"end":{"line":40,"column":36}},"40":{"start":{"line":41,"column":0},"end":{"line":41,"column":63}},"41":{"start":{"line":42,"column":0},"end":{"line":42,"column":28}},"42":{"start":{"line":43,"column":0},"end":{"line":43,"column":33}},"43":{"start":{"line":44,"column":0},"end":{"line":44,"column":62}},"44":{"start":{"line":45,"column":0},"end":{"line":45,"column":14}},"45":{"start":{"line":46,"column":0},"end":{"line":46,"column":66}},"46":{"start":{"line":47,"column":0},"end":{"line":47,"column":7}},"47":{"start":{"line":48,"column":0},"end":{"line":48,"column":5}},"48":{"start":{"line":49,"column":0},"end":{"line":49,"column":4}},"50":{"start":{"line":51,"column":0},"end":{"line":51,"column":36}},"51":{"start":{"line":52,"column":0},"end":{"line":52,"column":45}},"52":{"start":{"line":53,"column":0},"end":{"line":53,"column":40}},"53":{"start":{"line":54,"column":0},"end":{"line":54,"column":25}},"54":{"start":{"line":55,"column":0},"end":{"line":55,"column":4}},"56":{"start":{"line":57,"column":0},"end":{"line":57,"column":12}},"57":{"start":{"line":58,"column":0},"end":{"line":58,"column":75}},"59":{"start":{"line":60,"column":0},"end":{"line":60,"column":21}},"60":{"start":{"line":61,"column":0},"end":{"line":61,"column":36}},"61":{"start":{"line":62,"column":0},"end":{"line":62,"column":5}},"63":{"start":{"line":64,"column":0},"end":{"line":64,"column":12}},"64":{"start":{"line":65,"column":0},"end":{"line":65,"column":21}},"65":{"start":{"line":66,"column":0},"end":{"line":66,"column":13}},"66":{"start":{"line":67,"column":0},"end":{"line":67,"column":73}},"67":{"start":{"line":68,"column":0},"end":{"line":68,"column":75}},"68":{"start":{"line":69,"column":0},"end":{"line":69,"column":17}},"69":{"start":{"line":70,"column":0},"end":{"line":70,"column":36}},"70":{"start":{"line":71,"column":0},"end":{"line":71,"column":63}},"71":{"start":{"line":72,"column":0},"end":{"line":72,"column":11}},"73":{"start":{"line":74,"column":0},"end":{"line":74,"column":19}},"74":{"start":{"line":75,"column":0},"end":{"line":75,"column":14}},"75":{"start":{"line":76,"column":0},"end":{"line":76,"column":22}},"77":{"start":{"line":78,"column":0},"end":{"line":78,"column":3}},"78":{"start":{"line":79,"column":0},"end":{"line":79,"column":1}},"80":{"start":{"line":81,"column":0},"end":{"line":81,"column":19}}},"s":{"0":1,"1":1,"2":1,"3":1,"5":1,"15":1,"16":3,"17":3,"18":3,"19":3,"20":3,"21":3,"22":3,"24":3,"25":3,"26":3,"27":3,"28":3,"29":3,"31":3,"32":3,"34":3,"36":3,"37":3,"38":2,"39":1,"40":1,"41":1,"42":1,"43":1,"44":1,"45":0,"46":0,"47":1,"48":3,"50":3,"51":0,"52":0,"53":0,"54":0,"56":3,"57":13,"59":13,"60":2,"61":2,"63":11,"64":11,"65":11,"66":11,"67":11,"68":11,"69":11,"70":11,"71":11,"73":11,"74":11,"75":11,"77":13,"78":3,"80":1},"branchMap":{"0":{"type":"branch","line":16,"loc":{"start":{"line":16,"column":61},"end":{"line":79,"column":1}},"locations":[{"start":{"line":16,"column":61},"end":{"line":79,"column":1}}]},"1":{"type":"branch","line":25,"loc":{"start":{"line":25,"column":2},"end":{"line":30,"column":3}},"locations":[{"start":{"line":25,"column":2},"end":{"line":30,"column":3}}]},"2":{"type":"branch","line":27,"loc":{"start":{"line":27,"column":45},"end":{"line":29,"column":5}},"locations":[{"start":{"line":27,"column":45},"end":{"line":29,"column":5}}]},"3":{"type":"branch","line":32,"loc":{"start":{"line":32,"column":14},"end":{"line":49,"column":4}},"locations":[{"start":{"line":32,"column":14},"end":{"line":49,"column":4}}]},"4":{"type":"branch","line":35,"loc":{"start":{"line":35,"column":28},"end":{"line":35,"column":66}},"locations":[{"start":{"line":35,"column":28},"end":{"line":35,"column":66}}]},"5":{"type":"branch","line":38,"loc":{"start":{"line":38,"column":74},"end":{"line":48,"column":5}},"locations":[{"start":{"line":38,"column":74},"end":{"line":48,"column":5}}]},"6":{"type":"branch","line":38,"loc":{"start":{"line":38,"column":74},"end":{"line":39,"column":25}},"locations":[{"start":{"line":38,"column":74},"end":{"line":39,"column":25}}]},"7":{"type":"branch","line":39,"loc":{"start":{"line":39,"column":19},"end":{"line":39,"column":60}},"locations":[{"start":{"line":39,"column":19},"end":{"line":39,"column":60}}]},"8":{"type":"branch","line":39,"loc":{"start":{"line":39,"column":58},"end":{"line":48,"column":5}},"locations":[{"start":{"line":39,"column":58},"end":{"line":48,"column":5}}]},"9":{"type":"branch","line":45,"loc":{"start":{"line":45,"column":6},"end":{"line":47,"column":7}},"locations":[{"start":{"line":45,"column":6},"end":{"line":47,"column":7}}]},"10":{"type":"branch","line":57,"loc":{"start":{"line":57,"column":2},"end":{"line":78,"column":3}},"locations":[{"start":{"line":57,"column":2},"end":{"line":78,"column":3}}]},"11":{"type":"branch","line":60,"loc":{"start":{"line":60,"column":20},"end":{"line":62,"column":5}},"locations":[{"start":{"line":60,"column":20},"end":{"line":62,"column":5}}]},"12":{"type":"branch","line":62,"loc":{"start":{"line":62,"column":4},"end":{"line":76,"column":22}},"locations":[{"start":{"line":62,"column":4},"end":{"line":76,"column":22}}]},"13":{"type":"branch","line":71,"loc":{"start":{"line":71,"column":21},"end":{"line":71,"column":63}},"locations":[{"start":{"line":71,"column":21},"end":{"line":71,"column":63}}]}},"b":{"0":[3],"1":[3],"2":[3],"3":[3],"4":[0],"5":[2],"6":[1],"7":[0],"8":[1],"9":[0],"10":[13],"11":[2],"12":[11],"13":[1]},"fnMap":{"0":{"name":"<instance_members_initializer>","decl":{"start":{"line":16,"column":61},"end":{"line":79,"column":1}},"loc":{"start":{"line":16,"column":61},"end":{"line":79,"column":1}},"line":16},"1":{"name":"componentDidMount","decl":{"start":{"line":25,"column":2},"end":{"line":30,"column":3}},"loc":{"start":{"line":25,"column":2},"end":{"line":30,"column":3}},"line":25},"2":{"name":"fetchData","decl":{"start":{"line":32,"column":14},"end":{"line":49,"column":4}},"loc":{"start":{"line":32,"column":14},"end":{"line":49,"column":4}},"line":32},"3":{"name":"handleSearch","decl":{"start":{"line":51,"column":17},"end":{"line":55,"column":4}},"loc":{"start":{"line":51,"column":17},"end":{"line":55,"column":4}},"line":51},"4":{"name":"render","decl":{"start":{"line":57,"column":2},"end":{"line":78,"column":3}},"loc":{"start":{"line":57,"column":2},"end":{"line":78,"column":3}},"line":57},"5":{"name":"onClick","decl":{"start":{"line":71,"column":21},"end":{"line":71,"column":63}},"loc":{"start":{"line":71,"column":21},"end":{"line":71,"column":63}},"line":71}},"f":{"0":3,"1":3,"2":3,"3":0,"4":13,"5":1}}
,"D:\\IT\\Stage 3 REACT\\мой личный репо\\React2025\\src\\main.tsx": {"path":"D:\\IT\\Stage 3 REACT\\мой личный репо\\React2025\\src\\main.tsx","all":true,"statementMap":{"0":{"start":{"line":1,"column":0},"end":{"line":1,"column":59}},"1":{"start":{"line":2,"column":0},"end":{"line":2,"column":46}},"2":{"start":{"line":3,"column":0},"end":{"line":3,"column":21}},"3":{"start":{"line":4,"column":0},"end":{"line":4,"column":28}},"4":{"start":{"line":5,"column":0},"end":{"line":5,"column":0}},"5":{"start":{"line":6,"column":0},"end":{"line":6,"column":52}},"6":{"start":{"line":7,"column":0},"end":{"line":7,"column":0}},"7":{"start":{"line":8,"column":0},"end":{"line":8,"column":19}},"8":{"start":{"line":9,"column":0},"end":{"line":9,"column":59}},"9":{"start":{"line":10,"column":0},"end":{"line":10,"column":1}},"10":{"start":{"line":11,"column":0},"end":{"line":11,"column":0}},"11":{"start":{"line":12,"column":0},"end":{"line":12,"column":31}},"12":{"start":{"line":13,"column":0},"end":{"line":13,"column":17}},"13":{"start":{"line":14,"column":0},"end":{"line":14,"column":11}},"14":{"start":{"line":15,"column":0},"end":{"line":15,"column":18}},"15":{"start":{"line":16,"column":0},"end":{"line":16,"column":2}}},"s":{"0":0,"1":0,"2":0,"3":0,"4":0,"5":0,"6":0,"7":0,"8":0,"9":0,"10":0,"11":0,"12":0,"13":0,"14":0,"15":0},"branchMap":{"0":{"type":"branch","line":1,"loc":{"start":{"line":1,"column":0},"end":{"line":16,"column":2}},"locations":[{"start":{"line":1,"column":0},"end":{"line":16,"column":2}}]}},"b":{"0":[0]},"fnMap":{"0":{"name":"(empty-report)","decl":{"start":{"line":1,"column":0},"end":{"line":16,"column":2}},"loc":{"start":{"line":1,"column":0},"end":{"line":16,"column":2}},"line":1}},"f":{"0":0}}
,"D:\\IT\\Stage 3 REACT\\мой личный репо\\React2025\\src\\components\\ErrorBoundary.tsx": {"path":"D:\\IT\\Stage 3 REACT\\мой личный репо\\React2025\\src\\components\\ErrorBoundary.tsx","all":false,"statementMap":{"0":{"start":{"line":1,"column":0},"end":{"line":1,"column":34}},"2":{"start":{"line":3,"column":0},"end":{"line":3,"column":44}},"8":{"start":{"line":9,"column":0},"end":{"line":9,"column":45}},"11":{"start":{"line":12,"column":0},"end":{"line":12,"column":3}},"12":{"start":{"line":13,"column":0},"end":{"line":13,"column":50}},"14":{"start":{"line":15,"column":0},"end":{"line":15,"column":37}},"15":{"start":{"line":16,"column":0},"end":{"line":16,"column":30}},"16":{"start":{"line":17,"column":0},"end":{"line":17,"column":3}},"18":{"start":{"line":19,"column":0},"end":{"line":19,"column":58}},"19":{"start":{"line":20,"column":0},"end":{"line":20,"column":64}},"20":{"start":{"line":21,"column":0},"end":{"line":21,"column":3}},"22":{"start":{"line":23,"column":0},"end":{"line":23,"column":23}},"23":{"start":{"line":24,"column":0},"end":{"line":24,"column":39}},"24":{"start":{"line":25,"column":0},"end":{"line":25,"column":4}},"26":{"start":{"line":27,"column":0},"end":{"line":27,"column":12}},"27":{"start":{"line":28,"column":0},"end":{"line":28,"column":30}},"28":{"start":{"line":29,"column":0},"end":{"line":29,"column":14}},"29":{"start":{"line":30,"column":0},"end":{"line":30,"column":40}},"30":{"start":{"line":31,"column":0},"end":{"line":31,"column":40}},"31":{"start":{"line":32,"column":0},"end":{"line":32,"column":55}},"32":{"start":{"line":33,"column":0},"end":{"line":33,"column":76}},"34":{"start":{"line":35,"column":0},"end":{"line":35,"column":19}},"35":{"start":{"line":36,"column":0},"end":{"line":36,"column":14}},"37":{"start":{"line":38,"column":0},"end":{"line":38,"column":5}},"39":{"start":{"line":40,"column":0},"end":{"line":40,"column":31}},"40":{"start":{"line":41,"column":0},"end":{"line":41,"column":3}},"41":{"start":{"line":42,"column":0},"end":{"line":42,"column":1}},"43":{"start":{"line":44,"column":0},"end":{"line":44,"column":29}}},"s":{"0":1,"2":1,"8":1,"11":1,"12":8,"14":8,"15":6,"16":6,"18":8,"19":3,"20":3,"22":8,"23":1,"24":1,"26":8,"27":24,"28":6,"29":6,"30":6,"31":6,"32":6,"34":6,"35":6,"37":6,"39":18,"40":24,"41":8,"43":1},"branchMap":{"0":{"type":"branch","line":12,"loc":{"start":{"line":12,"column":2},"end":{"line":42,"column":1}},"locations":[{"start":{"line":12,"column":2},"end":{"line":42,"column":1}}]},"1":{"type":"branch","line":15,"loc":{"start":{"line":15,"column":9},"end":{"line":17,"column":3}},"locations":[{"start":{"line":15,"column":9},"end":{"line":17,"column":3}}]},"2":{"type":"branch","line":19,"loc":{"start":{"line":19,"column":2},"end":{"line":21,"column":3}},"locations":[{"start":{"line":19,"column":2},"end":{"line":21,"column":3}}]},"3":{"type":"branch","line":23,"loc":{"start":{"line":23,"column":16},"end":{"line":25,"column":4}},"locations":[{"start":{"line":23,"column":16},"end":{"line":25,"column":4}}]},"4":{"type":"branch","line":27,"loc":{"start":{"line":27,"column":2},"end":{"line":41,"column":3}},"locations":[{"start":{"line":27,"column":2},"end":{"line":41,"column":3}}]},"5":{"type":"branch","line":28,"loc":{"start":{"line":28,"column":29},"end":{"line":38,"column":5}},"locations":[{"start":{"line":28,"column":29},"end":{"line":38,"column":5}}]},"6":{"type":"branch","line":38,"loc":{"start":{"line":38,"column":4},"end":{"line":40,"column":31}},"locations":[{"start":{"line":38,"column":4},"end":{"line":40,"column":31}}]}},"b":{"0":[8],"1":[6],"2":[3],"3":[1],"4":[24],"5":[6],"6":[18]},"fnMap":{"0":{"name":"<instance_members_initializer>","decl":{"start":{"line":12,"column":2},"end":{"line":42,"column":1}},"loc":{"start":{"line":12,"column":2},"end":{"line":42,"column":1}},"line":12},"1":{"name":"getDerivedStateFromError","decl":{"start":{"line":15,"column":9},"end":{"line":17,"column":3}},"loc":{"start":{"line":15,"column":9},"end":{"line":17,"column":3}},"line":15},"2":{"name":"componentDidCatch","decl":{"start":{"line":19,"column":2},"end":{"line":21,"column":3}},"loc":{"start":{"line":19,"column":2},"end":{"line":21,"column":3}},"line":19},"3":{"name":"handleReset","decl":{"start":{"line":23,"column":16},"end":{"line":25,"column":4}},"loc":{"start":{"line":23,"column":16},"end":{"line":25,"column":4}},"line":23},"4":{"name":"render","decl":{"start":{"line":27,"column":2},"end":{"line":41,"column":3}},"loc":{"start":{"line":27,"column":2},"end":{"line":41,"column":3}},"line":27}},"f":{"0":8,"1":6,"2":3,"3":1,"4":24}}
,"D:\\IT\\Stage 3 REACT\\мой личный репо\\React2025\\src\\components\\ResultsList.tsx": {"path":"D:\\IT\\Stage 3 REACT\\мой личный репо\\React2025\\src\\components\\ResultsList.tsx","all":false,"statementMap":{"0":{"start":{"line":1,"column":0},"end":{"line":1,"column":26}},"1":{"start":{"line":2,"column":0},"end":{"line":2,"column":42}},"17":{"start":{"line":18,"column":0},"end":{"line":18,"column":68}},"18":{"start":{"line":19,"column":0},"end":{"line":19,"column":12}},"19":{"start":{"line":20,"column":0},"end":{"line":20,"column":51}},"20":{"start":{"line":21,"column":0},"end":{"line":21,"column":66}},"21":{"start":{"line":22,"column":0},"end":{"line":22,"column":66}},"22":{"start":{"line":23,"column":0},"end":{"line":23,"column":12}},"23":{"start":{"line":24,"column":0},"end":{"line":24,"column":35}},"24":{"start":{"line":25,"column":0},"end":{"line":25,"column":34}},"25":{"start":{"line":26,"column":0},"end":{"line":26,"column":56}},"26":{"start":{"line":27,"column":0},"end":{"line":27,"column":71}},"27":{"start":{"line":28,"column":0},"end":{"line":28,"column":27}},"28":{"start":{"line":29,"column":0},"end":{"line":29,"column":15}},"29":{"start":{"line":30,"column":0},"end":{"line":30,"column":11}},"30":{"start":{"line":31,"column":0},"end":{"line":31,"column":11}},"32":{"start":{"line":33,"column":0},"end":{"line":33,"column":3}},"33":{"start":{"line":34,"column":0},"end":{"line":34,"column":1}}},"s":{"0":1,"1":1,"17":1,"18":1,"19":14,"20":14,"21":14,"22":8,"23":8,"24":8,"25":2,"26":2,"27":2,"28":2,"29":8,"30":8,"32":14,"33":1},"branchMap":{"0":{"type":"branch","line":19,"loc":{"start":{"line":19,"column":2},"end":{"line":33,"column":3}},"locations":[{"start":{"line":19,"column":2},"end":{"line":33,"column":3}}]},"1":{"type":"branch","line":21,"loc":{"start":{"line":21,"column":17},"end":{"line":21,"column":66}},"locations":[{"start":{"line":21,"column":17},"end":{"line":21,"column":66}}]},"2":{"type":"branch","line":21,"loc":{"start":{"line":21,"column":59},"end":{"line":22,"column":22}},"locations":[{"start":{"line":21,"column":59},"end":{"line":22,"column":22}}]},"3":{"type":"branch","line":22,"loc":{"start":{"line":22,"column":15},"end":{"line":31,"column":11}},"locations":[{"start":{"line":22,"column":15},"end":{"line":31,"column":11}}]},"4":{"type":"branch","line":22,"loc":{"start":{"line":22,"column":15},"end":{"line":22,"column":66}},"locations":[{"start":{"line":22,"column":15},"end":{"line":22,"column":66}}]},"5":{"type":"branch","line":22,"loc":{"start":{"line":22,"column":59},"end":{"line":31,"column":11}},"locations":[{"start":{"line":22,"column":59},"end":{"line":31,"column":11}}]},"6":{"type":"branch","line":25,"loc":{"start":{"line":25,"column":21},"end":{"line":29,"column":15}},"locations":[{"start":{"line":25,"column":21},"end":{"line":29,"column":15}}]}},"b":{"0":[14],"1":[4],"2":[10],"3":[12],"4":[2],"5":[8],"6":[2]},"fnMap":{"0":{"name":"render","decl":{"start":{"line":19,"column":2},"end":{"line":33,"column":3}},"loc":{"start":{"line":19,"column":2},"end":{"line":33,"column":3}},"line":19}},"f":{"0":14}}
,"D:\\IT\\Stage 3 REACT\\мой личный репо\\React2025\\src\\components\\Search.tsx": {"path":"D:\\IT\\Stage 3 REACT\\мой личный репо\\React2025\\src\\components\\Search.tsx","all":false,"statementMap":{"0":{"start":{"line":1,"column":0},"end":{"line":1,"column":26}},"1":{"start":{"line":2,"column":0},"end":{"line":2,"column":37}},"8":{"start":{"line":9,"column":0},"end":{"line":9,"column":58}},"9":{"start":{"line":10,"column":0},"end":{"line":10,"column":11}},"10":{"start":{"line":11,"column":0},"end":{"line":11,"column":38}},"11":{"start":{"line":12,"column":0},"end":{"line":12,"column":4}},"13":{"start":{"line":14,"column":0},"end":{"line":14,"column":67}},"14":{"start":{"line":15,"column":0},"end":{"line":15,"column":50}},"15":{"start":{"line":16,"column":0},"end":{"line":16,"column":4}},"17":{"start":{"line":18,"column":0},"end":{"line":18,"column":29}},"18":{"start":{"line":19,"column":0},"end":{"line":19,"column":54}},"19":{"start":{"line":20,"column":0},"end":{"line":20,"column":4}},"21":{"start":{"line":22,"column":0},"end":{"line":22,"column":12}},"22":{"start":{"line":23,"column":0},"end":{"line":23,"column":12}},"23":{"start":{"line":24,"column":0},"end":{"line":24,"column":40}},"24":{"start":{"line":25,"column":0},"end":{"line":25,"column":14}},"25":{"start":{"line":26,"column":0},"end":{"line":26,"column":21}},"26":{"start":{"line":27,"column":0},"end":{"line":27,"column":39}},"27":{"start":{"line":28,"column":0},"end":{"line":28,"column":43}},"28":{"start":{"line":29,"column":0},"end":{"line":29,"column":34}},"29":{"start":{"line":30,"column":0},"end":{"line":30,"column":47}},"30":{"start":{"line":31,"column":0},"end":{"line":31,"column":10}},"31":{"start":{"line":32,"column":0},"end":{"line":32,"column":75}},"33":{"start":{"line":34,"column":0},"end":{"line":34,"column":17}},"34":{"start":{"line":35,"column":0},"end":{"line":35,"column":12}},"36":{"start":{"line":37,"column":0},"end":{"line":37,"column":3}},"37":{"start":{"line":38,"column":0},"end":{"line":38,"column":1}}},"s":{"0":1,"1":1,"8":1,"9":5,"10":5,"11":5,"13":5,"14":1,"15":1,"17":5,"18":1,"19":1,"21":5,"22":14,"23":14,"24":14,"25":14,"26":14,"27":14,"28":14,"29":14,"30":14,"31":14,"33":14,"34":14,"36":14,"37":5},"branchMap":{"0":{"type":"branch","line":9,"loc":{"start":{"line":9,"column":57},"end":{"line":38,"column":1}},"locations":[{"start":{"line":9,"column":57},"end":{"line":38,"column":1}}]},"1":{"type":"branch","line":14,"loc":{"start":{"line":14,"column":22},"end":{"line":16,"column":4}},"locations":[{"start":{"line":14,"column":22},"end":{"line":16,"column":4}}]},"2":{"type":"branch","line":18,"loc":{"start":{"line":18,"column":22},"end":{"line":20,"column":4}},"locations":[{"start":{"line":18,"column":22},"end":{"line":20,"column":4}}]},"3":{"type":"branch","line":22,"loc":{"start":{"line":22,"column":2},"end":{"line":37,"column":3}},"locations":[{"start":{"line":22,"column":2},"end":{"line":37,"column":3}}]}},"b":{"0":[5],"1":[1],"2":[1],"3":[14]},"fnMap":{"0":{"name":"<instance_members_initializer>","decl":{"start":{"line":9,"column":57},"end":{"line":38,"column":1}},"loc":{"start":{"line":9,"column":57},"end":{"line":38,"column":1}},"line":9},"1":{"name":"handleInputChange","decl":{"start":{"line":14,"column":22},"end":{"line":16,"column":4}},"loc":{"start":{"line":14,"column":22},"end":{"line":16,"column":4}},"line":14},"2":{"name":"handleSearchClick","decl":{"start":{"line":18,"column":22},"end":{"line":20,"column":4}},"loc":{"start":{"line":18,"column":22},"end":{"line":20,"column":4}},"line":18},"3":{"name":"render","decl":{"start":{"line":22,"column":2},"end":{"line":37,"column":3}},"loc":{"start":{"line":22,"column":2},"end":{"line":37,"column":3}},"line":22}},"f":{"0":5,"1":1,"2":1,"3":14}}
}
